TN:
SF:src/ejercicio-1/ejercicio-1-combat.ts
FN:11,(anonymous_0)
FN:29,(anonymous_1)
FN:78,(anonymous_2)
FNF:3
FNH:3
FNDA:1,(anonymous_0)
FNDA:14,(anonymous_1)
FNDA:6,(anonymous_2)
DA:7,1
DA:30,14
DA:31,14
DA:32,14
DA:33,1
DA:34,0
DA:35,1
DA:36,0
DA:37,1
DA:38,0
DA:39,1
DA:40,0
DA:41,1
DA:42,0
DA:43,1
DA:44,0
DA:45,1
DA:46,0
DA:47,1
DA:48,0
DA:49,1
DA:50,1
DA:51,0
DA:52,0
DA:53,0
DA:54,0
DA:55,0
DA:56,0
DA:57,0
DA:58,0
DA:61,14
DA:62,5
DA:63,2
DA:64,3
DA:65,2
DA:66,1
DA:67,1
DA:70,14
DA:71,14
DA:79,6
DA:80,6
DA:81,6
DA:82,6
DA:83,6
DA:84,6
DA:85,6
DA:86,1
DA:87,1
DA:88,5
DA:89,3
DA:90,3
DA:91,2
DA:92,2
DA:93,2
DA:95,6
DA:96,2
DA:97,2
DA:99,6
DA:100,2
DA:101,2
DA:103,6
DA:104,2
DA:105,2
DA:107,6
DA:108,6
DA:110,9
DA:111,9
DA:112,9
DA:113,9
DA:114,9
DA:115,5
DA:116,5
DA:117,5
DA:118,5
DA:119,5
DA:121,9
DA:122,5
DA:123,2
DA:124,2
DA:125,2
DA:126,2
DA:127,2
DA:128,2
DA:129,2
DA:130,2
DA:131,1
DA:132,1
DA:133,0
DA:136,3
DA:137,3
DA:138,3
DA:141,4
DA:142,4
DA:143,4
DA:144,4
DA:145,4
DA:146,4
DA:147,4
DA:148,4
DA:149,2
DA:150,2
DA:151,1
LF:102
LH:85
BRDA:32,0,0,1
BRDA:32,0,1,13
BRDA:32,1,0,14
BRDA:32,1,1,1
BRDA:33,2,0,0
BRDA:33,2,1,1
BRDA:33,3,0,1
BRDA:33,3,1,0
BRDA:35,4,0,0
BRDA:35,4,1,1
BRDA:35,5,0,1
BRDA:35,5,1,0
BRDA:37,6,0,0
BRDA:37,6,1,1
BRDA:37,7,0,1
BRDA:37,7,1,0
BRDA:39,8,0,0
BRDA:39,8,1,1
BRDA:39,9,0,1
BRDA:39,9,1,1
BRDA:41,10,0,0
BRDA:41,10,1,1
BRDA:41,11,0,1
BRDA:41,11,1,1
BRDA:43,12,0,0
BRDA:43,12,1,1
BRDA:43,13,0,1
BRDA:43,13,1,0
BRDA:45,14,0,0
BRDA:45,14,1,1
BRDA:47,15,0,0
BRDA:47,15,1,1
BRDA:47,16,0,1
BRDA:47,16,1,0
BRDA:49,17,0,1
BRDA:49,17,1,0
BRDA:49,18,0,1
BRDA:49,18,1,1
BRDA:51,19,0,0
BRDA:51,19,1,0
BRDA:51,20,0,0
BRDA:51,20,1,0
BRDA:53,21,0,0
BRDA:53,21,1,0
BRDA:53,22,0,0
BRDA:53,22,1,0
BRDA:55,23,0,0
BRDA:55,23,1,0
BRDA:55,24,0,0
BRDA:55,24,1,0
BRDA:57,25,0,0
BRDA:57,25,1,0
BRDA:57,26,0,0
BRDA:57,26,1,0
BRDA:61,27,0,5
BRDA:61,27,1,9
BRDA:61,28,0,14
BRDA:61,28,1,10
BRDA:61,28,2,12
BRDA:61,28,3,3
BRDA:62,29,0,2
BRDA:62,29,1,3
BRDA:64,30,0,2
BRDA:64,30,1,1
BRDA:66,31,0,1
BRDA:66,31,1,0
BRDA:85,32,0,1
BRDA:85,32,1,5
BRDA:88,33,0,3
BRDA:88,33,1,2
BRDA:91,34,0,2
BRDA:91,34,1,0
BRDA:95,35,0,2
BRDA:95,35,1,4
BRDA:99,36,0,2
BRDA:99,36,1,4
BRDA:103,37,0,2
BRDA:103,37,1,4
BRDA:114,38,0,5
BRDA:114,38,1,4
BRDA:121,39,0,5
BRDA:121,39,1,4
BRDA:122,40,0,2
BRDA:122,40,1,3
BRDA:130,41,0,1
BRDA:130,41,1,1
BRDA:132,42,0,0
BRDA:132,42,1,1
BRDA:148,43,0,2
BRDA:148,43,1,2
BRDA:150,44,0,1
BRDA:150,44,1,1
BRF:92
BRH:59
end_of_record
TN:
SF:src/ejercicio-1/ejercicio-1-dragonBallUniverse.ts
FN:18,(anonymous_0)
FNF:1
FNH:1
FNDA:2,(anonymous_0)
DA:2,1
DA:6,1
DA:20,2
DA:21,2
LF:4
LH:4
BRF:0
BRH:0
end_of_record
TN:
SF:src/ejercicio-1/ejercicio-1-fighter.ts
FN:17,(anonymous_0)
FNF:1
FNH:1
FNDA:6,(anonymous_0)
DA:6,1
DA:17,6
DA:18,6
DA:19,6
LF:4
LH:4
BRF:0
BRH:0
end_of_record
TN:
SF:src/ejercicio-1/ejercicio-1-pokedex.ts
FN:13,(anonymous_0)
FN:20,(anonymous_1)
FN:26,(anonymous_2)
FNF:3
FNH:3
FNDA:1,(anonymous_0)
FNDA:1,(anonymous_1)
FNDA:6,(anonymous_2)
DA:9,1
DA:21,1
DA:22,1
DA:23,1
DA:26,1
DA:27,6
DA:28,2
DA:29,4
DA:30,2
DA:31,2
DA:32,2
DA:35,1
DA:36,1
DA:37,1
DA:38,1
DA:39,1
DA:40,1
DA:41,1
DA:42,1
DA:43,1
DA:44,1
DA:45,1
DA:46,1
DA:47,1
DA:48,1
LF:25
LH:25
BRDA:27,0,0,2
BRDA:27,0,1,4
BRDA:29,1,0,2
BRDA:29,1,1,2
BRDA:31,2,0,2
BRDA:31,2,1,0
BRDA:39,3,0,1
BRDA:39,3,1,0
BRF:8
BRH:6
end_of_record
TN:
SF:src/ejercicio-1/ejercicio-1-pokemonUniverse.ts
FN:18,(anonymous_0)
FNF:1
FNH:1
FNDA:2,(anonymous_0)
DA:2,1
DA:6,1
DA:20,2
DA:21,2
LF:4
LH:4
BRF:0
BRH:0
end_of_record
TN:
SF:src/ejercicio-1/ejercicio-1-starWarsUniverse.ts
FN:18,(anonymous_0)
FNF:1
FNH:1
FNDA:2,(anonymous_0)
DA:2,1
DA:6,1
DA:20,2
DA:21,2
LF:4
LH:4
BRF:0
BRH:0
end_of_record
TN:
SF:src/ejercicio-1/ejercicio-1.ts
FNF:0
FNH:0
DA:3,1
DA:4,1
DA:5,1
DA:6,1
DA:7,1
DA:9,1
DA:12,1
DA:15,1
DA:18,1
DA:21,1
DA:24,1
DA:27,1
DA:28,1
DA:30,1
DA:31,1
LF:15
LH:15
BRF:0
BRH:0
end_of_record
TN:
SF:src/ejercicio-2/ejercicio-2-basicStreamableCollection.ts
FN:14,(anonymous_0)
FNF:1
FNH:1
FNDA:9,(anonymous_0)
DA:6,1
DA:14,9
DA:15,9
LF:3
LH:3
BRF:0
BRH:0
end_of_record
TN:
SF:src/ejercicio-2/ejercicio-2-documentary.ts
FN:20,(anonymous_0)
FN:29,(anonymous_1)
FN:35,(anonymous_2)
FN:63,(anonymous_3)
FN:90,(anonymous_4)
FNF:5
FNH:5
FNDA:3,(anonymous_0)
FNDA:4,(anonymous_1)
FNDA:2,(anonymous_2)
FNDA:2,(anonymous_3)
FNDA:2,(anonymous_4)
DA:4,1
DA:9,1
DA:21,3
DA:22,3
DA:23,3
DA:30,4
DA:36,2
DA:37,2
DA:38,2
DA:39,2
DA:40,6
DA:42,2
DA:43,2
DA:44,2
DA:45,2
DA:46,2
DA:47,6
DA:49,20
DA:50,6
DA:51,6
DA:55,2
DA:57,2
DA:58,2
DA:64,2
DA:65,2
DA:66,2
DA:67,2
DA:68,6
DA:70,2
DA:71,2
DA:72,2
DA:73,2
DA:74,2
DA:75,6
DA:76,20
DA:77,6
DA:78,6
DA:82,2
DA:84,2
DA:85,2
DA:91,2
DA:92,2
DA:93,2
DA:94,2
DA:95,6
DA:97,2
DA:98,2
DA:99,2
DA:100,2
DA:101,2
DA:102,6
DA:103,20
DA:104,6
DA:105,6
DA:109,2
DA:111,2
DA:112,2
LF:57
LH:57
BRDA:49,0,0,6
BRDA:49,0,1,14
BRDA:49,1,0,20
BRDA:49,1,1,10
BRDA:76,2,0,6
BRDA:76,2,1,14
BRDA:76,3,0,20
BRDA:76,3,1,10
BRDA:103,4,0,6
BRDA:103,4,1,14
BRDA:103,5,0,20
BRDA:103,5,1,10
BRF:12
BRH:12
end_of_record
TN:
SF:src/ejercicio-2/ejercicio-2-films.ts
FN:19,(anonymous_0)
FN:27,(anonymous_1)
FN:33,(anonymous_2)
FN:61,(anonymous_3)
FN:89,(anonymous_4)
FNF:5
FNH:5
FNDA:3,(anonymous_0)
FNDA:4,(anonymous_1)
FNDA:2,(anonymous_2)
FNDA:2,(anonymous_3)
FNDA:2,(anonymous_4)
DA:4,1
DA:9,1
DA:20,3
DA:21,3
DA:28,4
DA:34,2
DA:35,2
DA:36,2
DA:37,2
DA:38,6
DA:40,2
DA:41,2
DA:42,2
DA:43,2
DA:44,2
DA:45,6
DA:47,20
DA:48,6
DA:49,6
DA:53,2
DA:55,2
DA:56,2
DA:62,2
DA:63,2
DA:64,2
DA:65,2
DA:66,6
DA:68,2
DA:69,2
DA:70,2
DA:71,2
DA:72,2
DA:73,6
DA:75,20
DA:76,6
DA:77,6
DA:81,2
DA:83,2
DA:84,2
DA:90,2
DA:91,2
DA:92,2
DA:93,2
DA:94,6
DA:96,2
DA:97,2
DA:98,2
DA:99,2
DA:100,2
DA:101,6
DA:103,20
DA:104,6
DA:105,6
DA:109,2
DA:111,2
DA:112,2
LF:56
LH:56
BRDA:47,0,0,6
BRDA:47,0,1,14
BRDA:47,1,0,20
BRDA:47,1,1,10
BRDA:75,2,0,6
BRDA:75,2,1,14
BRDA:75,3,0,20
BRDA:75,3,1,10
BRDA:103,4,0,6
BRDA:103,4,1,14
BRDA:103,5,0,20
BRDA:103,5,1,20
BRF:12
BRH:12
end_of_record
TN:
SF:src/ejercicio-2/ejercicio-2-series.ts
FN:20,(anonymous_0)
FN:28,(anonymous_1)
FN:34,(anonymous_2)
FN:62,(anonymous_3)
FN:90,(anonymous_4)
FNF:5
FNH:5
FNDA:3,(anonymous_0)
FNDA:4,(anonymous_1)
FNDA:2,(anonymous_2)
FNDA:2,(anonymous_3)
FNDA:2,(anonymous_4)
DA:4,1
DA:9,1
DA:21,3
DA:22,3
DA:29,4
DA:35,2
DA:36,2
DA:37,2
DA:38,2
DA:39,6
DA:41,2
DA:42,2
DA:43,2
DA:44,2
DA:45,2
DA:46,6
DA:48,20
DA:49,6
DA:50,6
DA:54,2
DA:56,2
DA:57,2
DA:63,2
DA:64,2
DA:65,2
DA:66,2
DA:67,6
DA:69,2
DA:70,2
DA:71,2
DA:72,2
DA:73,2
DA:74,6
DA:76,20
DA:77,6
DA:78,6
DA:82,2
DA:84,2
DA:85,2
DA:91,2
DA:92,2
DA:93,2
DA:94,2
DA:95,6
DA:97,2
DA:98,2
DA:99,2
DA:100,2
DA:101,2
DA:102,6
DA:104,20
DA:105,6
DA:106,6
DA:110,2
DA:112,2
DA:113,2
LF:56
LH:56
BRDA:48,0,0,6
BRDA:48,0,1,14
BRDA:48,1,0,20
BRDA:48,1,1,10
BRDA:76,2,0,6
BRDA:76,2,1,14
BRDA:76,3,0,20
BRDA:76,3,1,10
BRDA:104,4,0,6
BRDA:104,4,1,14
BRDA:104,5,0,20
BRDA:104,5,1,10
BRF:12
BRH:12
end_of_record
TN:
SF:src/ejercicio-2/ejercicio-2.ts
FNF:0
FNH:0
DA:5,1
DA:6,1
DA:7,1
DA:9,1
DA:12,1
DA:15,1
DA:18,1
DA:19,1
DA:20,1
DA:21,1
DA:22,1
DA:24,1
DA:28,1
DA:32,1
DA:35,1
DA:36,1
DA:37,1
DA:38,1
DA:39,1
DA:41,1
DA:44,1
DA:47,1
DA:50,1
DA:51,1
DA:52,1
DA:53,1
DA:54,1
LF:27
LH:27
BRF:0
BRH:0
end_of_record
TN:
SF:src/ejercicio-2-modificacion/ejercicio-2-modificacion-primeNumbers.ts
FN:13,(anonymous_0)
FN:22,(anonymous_1)
FN:34,(anonymous_2)
FN:46,(anonymous_3)
FN:54,(anonymous_4)
FN:76,(anonymous_5)
FNF:6
FNH:5
FNDA:1,(anonymous_0)
FNDA:1,(anonymous_1)
FNDA:41,(anonymous_2)
FNDA:0,(anonymous_3)
FNDA:4,(anonymous_4)
FNDA:4,(anonymous_5)
DA:4,1
DA:5,1
DA:7,1
DA:14,1
DA:15,1
DA:23,1
DA:24,1
DA:25,1
DA:27,1
DA:35,41
DA:36,41
DA:37,41
DA:38,148
DA:40,41
DA:47,0
DA:55,4
DA:56,4
DA:57,4
DA:58,4
DA:59,19
DA:60,19
DA:61,14
DA:62,10
DA:65,19
DA:67,4
DA:77,4
DA:78,4
DA:79,4
DA:80,4
DA:81,22
DA:83,22
DA:84,15
DA:85,14
DA:88,22
DA:90,4
LF:35
LH:34
BRDA:23,0,0,1
BRDA:23,0,1,0
BRDA:60,1,0,14
BRDA:60,1,1,5
BRDA:61,2,0,10
BRDA:61,2,1,4
BRDA:83,3,0,15
BRDA:83,3,1,7
BRDA:84,4,0,14
BRDA:84,4,1,1
BRF:10
BRH:9
end_of_record
TN:
SF:src/ejercicio-2-modificacion/ejercicio-2-modificacion.ts
FNF:0
FNH:0
DA:1,1
DA:3,1
DA:5,1
DA:7,1
DA:8,1
DA:9,1
DA:10,1
LF:7
LH:7
BRF:0
BRH:0
end_of_record
