TN:
SF:src/ejercicio-3-modificacion/bubble-sort.ts
FN:7,(anonymous_0)
FNF:1
FNH:1
FNDA:4,(anonymous_0)
DA:6,1
DA:8,4
DA:9,4
DA:10,4
DA:11,15
DA:12,15
DA:13,85
DA:14,25
DA:15,25
DA:16,25
DA:17,25
DA:21,4
LF:12
LH:12
BRDA:13,0,0,25
BRDA:13,0,1,60
BRF:2
BRH:2
end_of_record
TN:
SF:src/ejercicio-3-modificacion/merge-sort.ts
FN:8,(anonymous_0)
FN:16,(anonymous_1)
FN:22,(anonymous_2)
FN:35,(anonymous_3)
FNF:4
FNH:4
FNDA:2,(anonymous_0)
FNDA:2,(anonymous_1)
FNDA:30,(anonymous_2)
FNDA:14,(anonymous_3)
DA:7,1
DA:10,2
DA:11,2
DA:12,2
DA:13,2
DA:14,2
DA:18,2
DA:19,13
DA:24,30
DA:25,30
DA:26,16
DA:28,30
DA:29,14
DA:30,14
DA:31,14
DA:32,14
DA:37,14
DA:38,14
DA:39,14
DA:40,23
DA:41,0
DA:42,0
DA:44,23
DA:45,23
LF:24
LH:22
BRDA:25,0,0,16
BRDA:25,0,1,14
BRDA:28,1,0,14
BRDA:28,1,1,16
BRDA:40,2,0,0
BRDA:40,2,1,23
BRDA:40,3,0,23
BRDA:40,3,1,23
BRDA:40,3,2,23
BRF:9
BRH:8
end_of_record
TN:
SF:src/ejercicio-3-modificacion/solve.ts
FN:13,(anonymous_0)
FN:19,(anonymous_1)
FN:25,(anonymous_2)
FNF:3
FNH:2
FNDA:6,(anonymous_0)
FNDA:0,(anonymous_1)
FNDA:6,(anonymous_2)
DA:7,1
DA:13,6
DA:20,0
DA:26,6
LF:4
LH:3
BRF:0
BRH:0
end_of_record
